<?xml version="1.0" encoding="UTF-8"?>
<!-- Generated by org.testng.reporters.JUnitXMLReporter -->
<testsuite hostname="丁枝" ignored="0" name="dingzhiTest" tests="4" failures="0" timestamp="17 四月 2020 05:23:21 GMT" time="0.033" errors="0">
  <testcase name="test1" time="0.0" classname="com.dingzhi.testng.groups.GroupOnMethod"/>
  <testcase name="test2" time="0.0" classname="com.dingzhi.testng.groups.GroupOnMethod"/>
  <testcase name="test3" time="0.001" classname="com.dingzhi.testng.groups.GroupOnMethod"/>
  <testcase name="test4" time="0.0" classname="com.dingzhi.testng.groups.GroupOnMethod"/>
</testsuite> <!-- dingzhiTest -->
