<?xml version="1.0" encoding="UTF-8"?>
<testng-results skipped="0" failed="0" ignored="0" total="4" passed="4">
  <reporter-output>
  </reporter-output>
  <suite name="Default Suite" duration-ms="33" started-at="2020-04-17T05:23:21Z" finished-at="2020-04-17T05:23:21Z">
    <groups>
      <group name="server">
        <method signature="GroupOnMethod.test1()[pri:0, instance:com.dingzhi.testng.groups.GroupOnMethod@1ef7fe8e]" name="test1" class="com.dingzhi.testng.groups.GroupOnMethod"/>
        <method signature="GroupOnMethod.test2()[pri:0, instance:com.dingzhi.testng.groups.GroupOnMethod@1ef7fe8e]" name="test2" class="com.dingzhi.testng.groups.GroupOnMethod"/>
      </group> <!-- server -->
      <group name="client">
        <method signature="GroupOnMethod.test3()[pri:0, instance:com.dingzhi.testng.groups.GroupOnMethod@1ef7fe8e]" name="test3" class="com.dingzhi.testng.groups.GroupOnMethod"/>
        <method signature="GroupOnMethod.test4()[pri:0, instance:com.dingzhi.testng.groups.GroupOnMethod@1ef7fe8e]" name="test4" class="com.dingzhi.testng.groups.GroupOnMethod"/>
      </group> <!-- client -->
    </groups>
    <test name="dingzhiTest" duration-ms="33" started-at="2020-04-17T05:23:21Z" finished-at="2020-04-17T05:23:21Z">
      <class name="com.dingzhi.testng.groups.GroupOnMethod">
        <test-method status="PASS" signature="beforeGroupsServer()[pri:0, instance:com.dingzhi.testng.groups.GroupOnMethod@1ef7fe8e]" name="beforeGroupsServer" is-config="true" duration-ms="5" started-at="2020-04-17T13:23:21Z" finished-at="2020-04-17T13:23:21Z">
          <reporter-output>
          </reporter-output>
        </test-method> <!-- beforeGroupsServer -->
        <test-method status="PASS" signature="test1()[pri:0, instance:com.dingzhi.testng.groups.GroupOnMethod@1ef7fe8e]" name="test1" duration-ms="0" started-at="2020-04-17T13:23:21Z" finished-at="2020-04-17T13:23:21Z">
          <reporter-output>
          </reporter-output>
        </test-method> <!-- test1 -->
        <test-method status="PASS" signature="afterGroupsServer()[pri:0, instance:com.dingzhi.testng.groups.GroupOnMethod@1ef7fe8e]" name="afterGroupsServer" is-config="true" duration-ms="0" started-at="2020-04-17T13:23:21Z" finished-at="2020-04-17T13:23:21Z">
          <reporter-output>
          </reporter-output>
        </test-method> <!-- afterGroupsServer -->
        <test-method status="PASS" signature="test3()[pri:0, instance:com.dingzhi.testng.groups.GroupOnMethod@1ef7fe8e]" name="test3" duration-ms="1" started-at="2020-04-17T13:23:21Z" finished-at="2020-04-17T13:23:21Z">
          <reporter-output>
          </reporter-output>
        </test-method> <!-- test3 -->
        <test-method status="PASS" signature="test2()[pri:0, instance:com.dingzhi.testng.groups.GroupOnMethod@1ef7fe8e]" name="test2" duration-ms="0" started-at="2020-04-17T13:23:21Z" finished-at="2020-04-17T13:23:21Z">
          <reporter-output>
          </reporter-output>
        </test-method> <!-- test2 -->
        <test-method status="PASS" signature="beforeGroupsClients()[pri:0, instance:com.dingzhi.testng.groups.GroupOnMethod@1ef7fe8e]" name="beforeGroupsClients" is-config="true" duration-ms="0" started-at="2020-04-17T13:23:21Z" finished-at="2020-04-17T13:23:21Z">
          <reporter-output>
          </reporter-output>
        </test-method> <!-- beforeGroupsClients -->
        <test-method status="PASS" signature="afterGroupsClient()[pri:0, instance:com.dingzhi.testng.groups.GroupOnMethod@1ef7fe8e]" name="afterGroupsClient" is-config="true" duration-ms="1" started-at="2020-04-17T13:23:21Z" finished-at="2020-04-17T13:23:21Z">
          <reporter-output>
          </reporter-output>
        </test-method> <!-- afterGroupsClient -->
        <test-method status="PASS" signature="test4()[pri:0, instance:com.dingzhi.testng.groups.GroupOnMethod@1ef7fe8e]" name="test4" duration-ms="0" started-at="2020-04-17T13:23:21Z" finished-at="2020-04-17T13:23:21Z">
          <reporter-output>
          </reporter-output>
        </test-method> <!-- test4 -->
      </class> <!-- com.dingzhi.testng.groups.GroupOnMethod -->
    </test> <!-- dingzhiTest -->
  </suite> <!-- Default Suite -->
</testng-results>
