<?xml version="1.0" encoding="UTF-8"?>
<!-- Generated by org.testng.reporters.JUnitXMLReporter -->
<testsuite hostname="丁枝" ignored="1" name="这是测试模块" tests="2" failures="0" timestamp="06 四月 2020 07:47:37 GMT" time="0.022" errors="0">
  <testcase name="test2" time="0.007" classname="com.tester.extent.demo.TestMethodDemo"/>
  <testcase name="test3" time="0.001" classname="com.tester.extent.demo.TestMethodDemo"/>
  <testcase name="test1" time="0.0" classname="com.tester.extent.demo.TestMethodDemo">
    <ignored/>
  </testcase> <!-- test1 -->
</testsuite> <!-- 这是测试模块 -->
